[2022-04-30 17:47:55.195] [exthost] [info] Extension host with pid 3513 started
[2022-04-30 17:47:55.197] [exthost] [error] Error: EEXIST: file already exists, open '/home/vagrant/.vscode-server/data/User/workspaceStorage/c2d548dddc6058bd8a646987c8302a31/vscode.lock'
[2022-04-30 17:47:55.220] [exthost] [info] Lock '/home/vagrant/.vscode-server/data/User/workspaceStorage/c2d548dddc6058bd8a646987c8302a31/vscode.lock': Could not acquire lock, checking if the file is stale.
[2022-04-30 17:47:55.221] [exthost] [info] Lock '/home/vagrant/.vscode-server/data/User/workspaceStorage/c2d548dddc6058bd8a646987c8302a31/vscode.lock': The pid 1848 appears to be gone.
[2022-04-30 17:47:55.221] [exthost] [info] Lock '/home/vagrant/.vscode-server/data/User/workspaceStorage/c2d548dddc6058bd8a646987c8302a31/vscode.lock': Deleting a stale lock.
[2022-04-30 17:47:55.236] [exthost] [info] Lock '/home/vagrant/.vscode-server/data/User/workspaceStorage/c2d548dddc6058bd8a646987c8302a31/vscode.lock': Lock acquired.
[2022-04-30 17:47:55.306] [exthost] [info] ExtensionService#_doActivateExtension vscode.debug-auto-launch, startup: true, activationEvent: '*'
[2022-04-30 17:47:55.334] [exthost] [info] ExtensionService#_doActivateExtension vscode.git-base, startup: true, activationEvent: '*', root cause: vscode.git
[2022-04-30 17:47:55.373] [exthost] [info] ExtensionService#_doActivateExtension vscode.ipynb, startup: true, activationEvent: '*'
[2022-04-30 17:47:55.521] [exthost] [info] ExtensionService#_doActivateExtension vscode.git, startup: true, activationEvent: '*'
[2022-04-30 17:47:55.666] [exthost] [info] ExtensionService#_doActivateExtension vscode.github, startup: true, activationEvent: '*'
[2022-04-30 17:47:55.877] [exthost] [info] ExtensionService#_doActivateExtension vscode.emmet, startup: false, activationEvent: 'onStartupFinished'
[2022-04-30 17:47:55.896] [exthost] [info] ExtensionService#_doActivateExtension vscode.merge-conflict, startup: false, activationEvent: 'onStartupFinished'
[2022-04-30 17:47:55.903] [exthost] [info] Eager extensions activated
[2022-04-30 17:54:42.827] [exthost] [warning] [Decorations] CAPPING events from decorations provider vscode.git 1799
[2022-04-30 17:54:45.502] [exthost] [warning] [Decorations] CAPPING events from decorations provider vscode.git 1799
[2022-04-30 17:54:50.580] [exthost] [warning] [Decorations] CAPPING events from decorations provider vscode.git 1799
[2022-04-30 17:54:56.964] [exthost] [warning] [Decorations] CAPPING events from decorations provider vscode.git 1799
[2022-04-30 17:55:02.989] [exthost] [warning] [Decorations] CAPPING events from decorations provider vscode.git 1799
[2022-04-30 17:55:08.096] [exthost] [warning] [Decorations] CAPPING events from decorations provider vscode.git 1799
