[2022-04-30T17:47:55.826Z] Validating found git in: git
[2022-04-30T17:47:55.864Z] Using git 1.8.3.1 from git
[2022-04-30T17:54:42.705Z] > git rev-parse --git-dir [2ms]
[2022-04-30T17:54:42.715Z] Open repository: /home/vagrant
[2022-04-30T17:54:42.749Z] > git symbolic-ref --short HEAD [3ms]
[2022-04-30T17:54:42.757Z] > git for-each-ref --format=%(refname)%00%(upstream:short)%00%(objectname) refs/heads/master refs/remotes/master [1ms]
[2022-04-30T17:54:42.768Z] > git for-each-ref --sort -committerdate --format %(refname) %(objectname) %(*objectname) [5ms]
[2022-04-30T17:54:42.768Z] > git remote --verbose [1ms]
[2022-04-30T17:54:43.307Z] > git config --get commit.template [4ms]
[2022-04-30T17:54:43.433Z] > git ls-files --stage -- /home/vagrant/ressources ansible/playbooks/docker.yml [4ms]
[2022-04-30T17:54:45.449Z] > git symbolic-ref --short HEAD [1ms]
[2022-04-30T17:54:45.456Z] > git for-each-ref --format=%(refname)%00%(upstream:short)%00%(objectname) refs/heads/master refs/remotes/master [0ms]
[2022-04-30T17:54:45.467Z] > git remote --verbose [1ms]
[2022-04-30T17:54:45.467Z] > git for-each-ref --sort -committerdate --format %(refname) %(objectname) %(*objectname) [6ms]
[2022-04-30T17:54:45.516Z] > git config --get commit.template [0ms]
[2022-04-30T17:54:50.550Z] > git symbolic-ref --short HEAD [2ms]
[2022-04-30T17:54:50.557Z] > git for-each-ref --format=%(refname)%00%(upstream:short)%00%(objectname) refs/heads/master refs/remotes/master [1ms]
[2022-04-30T17:54:50.568Z] > git remote --verbose [1ms]
[2022-04-30T17:54:50.568Z] > git for-each-ref --sort -committerdate --format %(refname) %(objectname) %(*objectname) [6ms]
[2022-04-30T17:54:50.593Z] > git config --get commit.template [0ms]
[2022-04-30T17:54:55.710Z] > git symbolic-ref --short HEAD [2ms]
[2022-04-30T17:54:56.937Z] > git for-each-ref --format=%(refname)%00%(upstream:short)%00%(objectname) refs/heads/master refs/remotes/master [3ms]
[2022-04-30T17:54:56.950Z] > git for-each-ref --sort -committerdate --format %(refname) %(objectname) %(*objectname) [5ms]
[2022-04-30T17:54:56.951Z] > git remote --verbose [1ms]
[2022-04-30T17:54:56.983Z] > git config --get commit.template [4ms]
[2022-04-30T17:55:02.953Z] > git symbolic-ref --short HEAD [4ms]
[2022-04-30T17:55:02.961Z] > git for-each-ref --format=%(refname)%00%(upstream:short)%00%(objectname) refs/heads/master refs/remotes/master [4ms]
[2022-04-30T17:55:02.972Z] > git for-each-ref --sort -committerdate --format %(refname) %(objectname) %(*objectname) [7ms]
[2022-04-30T17:55:02.975Z] > git remote --verbose [3ms]
[2022-04-30T17:55:03.002Z] > git config --get commit.template [1ms]
[2022-04-30T17:55:08.061Z] > git symbolic-ref --short HEAD [0ms]
[2022-04-30T17:55:08.067Z] > git for-each-ref --format=%(refname)%00%(upstream:short)%00%(objectname) refs/heads/master refs/remotes/master [0ms]
[2022-04-30T17:55:08.079Z] > git remote --verbose [1ms]
[2022-04-30T17:55:08.080Z] > git for-each-ref --sort -committerdate --format %(refname) %(objectname) %(*objectname) [7ms]
[2022-04-30T17:55:08.110Z] > git config --get commit.template [0ms]
